<?xml version="1.0" encoding="UTF-8"?>
<!-- Generated by org.testng.reporters.JUnitReportReporter -->
<testsuite hostname="Home" name="com.demo.comTest.UserDefinedTest" tests="2" failures="0" timestamp="12 Mar 2018 02:38:25 GMT" time="26.973" errors="0">
  <testcase name="second" time="4.972" classname="com.demo.comTest.UserDefinedTest"/>
  <testcase name="first" time="22.001" classname="com.demo.comTest.UserDefinedTest"/>
</testsuite> <!-- com.demo.comTest.UserDefinedTest -->
